Stat Connected.
Recv 05.06.2012 21:10:11: 200 Ok<EOL>
Stat Disconnected.
Stat Connected.
Stat Disconnected.
Stat Connected.
Stat Disconnected.
Stat Connected.
Recv 05.06.2012 21:12:07: 200 Ok<EOL>
Stat Disconnected.
Stat Connected.
Recv 05.06.2012 21:13:32: 200 Ok<EOL>
Stat Disconnected.
Stat Connected.
Recv 05.06.2012 21:13:32: 200 Ok<EOL>
Stat Connected.
Recv 05.06.2012 21:13:56: 200 Ok<EOL>
Stat Disconnected.
Stat Connected.
Recv 05.06.2012 21:13:59: 200 Ok<EOL>
Stat Disconnected.
Stat Connected.
Recv 05.06.2012 21:15:58: 200 Ok<EOL>
Stat Disconnected.
Stat Connected.
Recv 05.06.2012 21:15:59: 200 Ok<EOL>
Stat Connected.
Recv 05.06.2012 21:16:16: 200 Ok<EOL>
Stat Disconnected.
Stat Connected.
Recv 05.06.2012 21:16:17: 200 Ok<EOL>
Stat Disconnected.
Stat Connected.
Recv 05.06.2012 21:18:34: 200 Ok<EOL>
Stat Disconnected.
Stat Connected.
Recv 05.06.2012 21:18:35: 200 Ok<EOL>
Stat Disconnected.
Stat Connected.
Recv 05.06.2012 21:18:38: 200 Ok<EOL>
Stat Disconnected.
Stat Connected.
Recv 05.06.2012 21:19:03: 200 Ok<EOL>
Stat Disconnected.
Stat Connected.
Recv 05.06.2012 21:19:04: 200 Ok<EOL>
Stat Connected.
Recv 05.06.2012 21:21:13: 200 Ok<EOL>
Sent 05.06.2012 21:21:13: get_defect_count_ratio 1<EOL>
Recv 05.06.2012 21:21:13: 202 3<EOL>
Stat Disconnected.
Stat Connected.
Recv 05.06.2012 21:21:14: 200 Ok<EOL>
Stat Disconnected.
Stat Connected.
Recv 05.06.2012 21:21:28: 200 Ok<EOL>
Sent 05.06.2012 21:21:28: get_defect_count_ratio 1<EOL>
Recv 05.06.2012 21:21:28: 202 3<EOL>
Stat Disconnected.
Stat Connected.
Recv 05.06.2012 21:21:31: 200 Ok<EOL>
Sent 05.06.2012 21:21:31: get_defect_count_ratio 1<EOL>
Recv 05.06.2012 21:21:31: 202 3<EOL>
Stat Disconnected.
Stat Connected.
Recv 05.06.2012 21:21:33: 200 Ok<EOL>
Sent 05.06.2012 21:21:33: get_defect_count_ratio 1<EOL>
Recv 05.06.2012 21:21:33: 202 3<EOL>
Stat Connected.
Recv 05.06.2012 21:33:08: 200 Ok<EOL>
Sent 05.06.2012 21:33:08: get_defect_count_ratio 1<EOL>
Recv 05.06.2012 21:33:08: 202 3<EOL>
Stat Disconnected.
Stat Connected.
Recv 05.06.2012 21:33:10: 200 Ok<EOL>
Sent 05.06.2012 21:33:10: get_defect_count_ratio 1<EOL>
Recv 05.06.2012 21:33:10: 202 3<EOL>
Stat Connected.
Recv 05.06.2012 21:33:26: 200 Ok<EOL>
Sent 05.06.2012 21:33:26: get_defect_count_ratio 1<EOL>
Recv 05.06.2012 21:33:26: 202 3<EOL>
Stat Disconnected.
Stat Connected.
Recv 05.06.2012 21:33:26: 200 Ok<EOL>
Sent 05.06.2012 21:33:26: get_defect_count_ratio 1<EOL>
Recv 05.06.2012 21:33:26: 202 3<EOL>
Stat Disconnected.
Stat Connected.
Recv 05.06.2012 21:33:28: 200 Ok<EOL>
Sent 05.06.2012 21:33:28: get_defect_count_ratio 1<EOL>
Recv 05.06.2012 21:33:28: 202 3<EOL>
Stat Disconnected.
Stat Connected.
Recv 05.06.2012 21:33:28: 200 Ok<EOL>
Sent 05.06.2012 21:33:28: get_defect_count_ratio 1<EOL>
Recv 05.06.2012 21:33:28: 202 3<EOL>
Stat Disconnected.
Stat Connected.
Recv 05.06.2012 21:33:30: 200 Ok<EOL>
Sent 05.06.2012 21:33:30: get_defect_count_ratio 1<EOL>
Recv 05.06.2012 21:33:30: 202 3<EOL>
Stat Disconnected.
Stat Connected.
Recv 05.06.2012 21:33:30: 200 Ok<EOL>
Sent 05.06.2012 21:33:30: get_defect_count_ratio 1<EOL>
Recv 05.06.2012 21:33:30: 202 3<EOL>
Stat Disconnected.
Stat Connected.
Recv 05.06.2012 21:34:15: 200 Ok<EOL>
Sent 05.06.2012 21:34:15: get_defect_count_ratio 1<EOL>
Recv 05.06.2012 21:34:15: 202 3<EOL>
Stat Disconnected.
Stat Connected.
Recv 05.06.2012 21:34:15: 200 Ok<EOL>
Sent 05.06.2012 21:34:15: get_defect_count_ratio 1<EOL>
Recv 05.06.2012 21:34:15: 202 3<EOL>
Stat Disconnected.
Stat Connected.
Recv 05.06.2012 21:34:17: 200 Ok<EOL>
Sent 05.06.2012 21:34:17: get_defect_count_ratio 1<EOL>
Recv 05.06.2012 21:34:17: 202 3<EOL>
Stat Disconnected.
Stat Connected.
Recv 05.06.2012 21:34:17: 200 Ok<EOL>
Sent 05.06.2012 21:34:17: get_defect_count_ratio 1<EOL>
Recv 05.06.2012 21:34:17: 202 3<EOL>
Stat Disconnected.
Stat Connected.
Recv 05.06.2012 21:34:19: 200 Ok<EOL>
Sent 05.06.2012 21:34:19: get_defect_count_ratio 1<EOL>
Recv 05.06.2012 21:34:19: 202 3<EOL>
Stat Disconnected.
Stat Connected.
Recv 05.06.2012 21:34:19: 200 Ok<EOL>
Sent 05.06.2012 21:34:19: get_defect_count_ratio 1<EOL>
Recv 05.06.2012 21:34:19: 202 3<EOL>
Stat Disconnected.
Stat Connected.
Recv 05.06.2012 21:34:21: 200 Ok<EOL>
Sent 05.06.2012 21:34:21: get_defect_count_ratio 1<EOL>
Recv 05.06.2012 21:34:21: 202 3<EOL>
Stat Disconnected.
Stat Connected.
Recv 05.06.2012 21:34:21: 200 Ok<EOL>
Sent 05.06.2012 21:34:21: get_defect_count_ratio 1<EOL>
Recv 05.06.2012 21:34:21: 202 3<EOL>
Stat Disconnected.
Stat Connected.
Recv 05.06.2012 21:34:23: 200 Ok<EOL>
Sent 05.06.2012 21:34:23: get_defect_count_ratio 1<EOL>
Recv 05.06.2012 21:34:23: 202 3<EOL>
Stat Disconnected.
Stat Connected.
Recv 05.06.2012 21:34:23: 200 Ok<EOL>
Sent 05.06.2012 21:34:23: get_defect_count_ratio 1<EOL>
Recv 05.06.2012 21:34:23: 202 3<EOL>
Stat Disconnected.
Stat Connected.
Recv 05.06.2012 21:34:24: 200 Ok<EOL>
Sent 05.06.2012 21:34:24: get_defect_count_ratio 1<EOL>
Recv 05.06.2012 21:34:24: 202 3<EOL>
Stat Disconnected.
Stat Connected.
Recv 05.06.2012 21:34:24: 200 Ok<EOL>
Sent 05.06.2012 21:34:24: get_defect_count_ratio 1<EOL>
Recv 05.06.2012 21:34:24: 202 3<EOL>
Stat Disconnected.
Stat Connected.
Recv 05.06.2012 21:34:27: 200 Ok<EOL>
Sent 05.06.2012 21:34:27: get_defect_count_ratio 1<EOL>
Recv 05.06.2012 21:34:27: 202 3<EOL>
Stat Disconnected.
Stat Connected.
Recv 05.06.2012 21:34:27: 200 Ok<EOL>
Sent 05.06.2012 21:34:27: get_defect_count_ratio 1<EOL>
Recv 05.06.2012 21:34:27: 202 3<EOL>
Stat Connected.
Recv 05.06.2012 21:37:53: 200 Ok<EOL>
Stat Disconnected.
Stat Connected.
Recv 05.06.2012 21:37:59: 200 Ok<EOL>
Sent 05.06.2012 21:37:59: get_defect_count_ratio 1<EOL>
Recv 05.06.2012 21:37:59: 202 3<EOL>
Stat Disconnected.
Stat Connected.
Recv 05.06.2012 21:39:57: 200 Ok<EOL>
Sent 05.06.2012 21:39:57: get_defect_count_ratio 1<EOL>
Recv 05.06.2012 21:39:57: 202 3<EOL>
Stat Disconnected.
Stat Connected.
Recv 05.06.2012 21:39:59: 200 Ok<EOL>
Sent 05.06.2012 21:39:59: get_defect_count_ratio 1<EOL>
Recv 05.06.2012 21:39:59: 202 3<EOL>
Stat Connected.
Recv 05.06.2012 21:40:12: 200 Ok<EOL>
Sent 05.06.2012 21:40:12: get_defect_count_ratio 1<EOL>
Recv 05.06.2012 21:40:12: 202 3<EOL>
Stat Disconnected.
Stat Connected.
Recv 05.06.2012 21:40:16: 200 Ok<EOL>
Sent 05.06.2012 21:40:16: get_defect_count_ratio 1<EOL>
Recv 05.06.2012 21:40:16: 202 3<EOL>
Stat Disconnected.
Stat Connected.
Recv 05.06.2012 21:40:28: 200 Ok<EOL>
Sent 05.06.2012 21:40:28: get_defect_count_ratio 1<EOL>
Recv 05.06.2012 21:40:28: 202 3<EOL>
Stat Disconnected.
Stat Connected.
Recv 05.06.2012 21:40:30: 200 Ok<EOL>
Sent 05.06.2012 21:40:30: get_defect_count_ratio 1<EOL>
Recv 05.06.2012 21:40:30: 202 3<EOL>
Stat Disconnected.
Stat Connected.
Recv 05.06.2012 21:41:35: 200 Ok<EOL>
Sent 05.06.2012 21:41:35: get_defect_count_ratio 1<EOL>
Recv 05.06.2012 21:41:35: 202 3<EOL>
Stat Disconnected.
Stat Connected.
Recv 05.06.2012 21:41:38: 200 Ok<EOL>
Sent 05.06.2012 21:41:38: get_defect_count_ratio 1<EOL>
Recv 05.06.2012 21:41:38: 202 3<EOL>
Stat Disconnected.
Stat Connected.
Recv 05.06.2012 21:41:43: 200 Ok<EOL>
Stat Connected.
Recv 05.06.2012 21:41:57: 200 Ok<EOL>
Sent 05.06.2012 21:41:57: get_defect_count_ratio 1<EOL>
Recv 05.06.2012 21:41:57: 202 3<EOL>
Stat Disconnected.
Stat Connected.
Recv 05.06.2012 21:41:59: 200 Ok<EOL>
Sent 05.06.2012 21:41:59: get_defect_count_ratio 1<EOL>
Recv 05.06.2012 21:41:59: 202 3<EOL>
Stat Connected.
Recv 05.06.2012 21:42:05: 200 Ok<EOL>
Sent 05.06.2012 21:42:05: get_defect_count_ratio 1<EOL>
Recv 05.06.2012 21:42:05: 202 3<EOL>
Stat Disconnected.
Stat Connected.
Recv 05.06.2012 21:50:00: 200 Ok<EOL>
Sent 05.06.2012 21:50:00: get_defect_count_ratio 1<EOL>
Recv 05.06.2012 21:50:00: 202 3<EOL>
Stat Disconnected.
Stat Disconnected.
Stat Disconnected.
Stat Disconnected.
Stat Connected.
Recv 05.06.2012 21:50:38: 200 Ok<EOL>
Sent 05.06.2012 21:50:38: get_defect_count_ratio 1<EOL>
Recv 05.06.2012 21:50:38: 202 3<EOL>
Stat Disconnected.
Stat Disconnected.
Stat Disconnected.
Stat Disconnected.
Stat Connected.
Recv 05.06.2012 21:52:23: 200 Ok<EOL>
Sent 05.06.2012 21:52:23: get_defect_count_ratio 1<EOL>
Recv 05.06.2012 21:52:23: 202 3<EOL>
Stat Disconnected.
Stat Connected.
Recv 05.06.2012 21:52:25: 200 Ok<EOL>
Sent 05.06.2012 21:52:25: get_defect_count_ratio 1<EOL>
Recv 05.06.2012 21:52:25: 202 3<EOL>
Stat Disconnected.
Stat Connected.
Recv 05.06.2012 21:52:44: 200 Ok<EOL>
Sent 05.06.2012 21:52:44: get_defect_count_ratio 1<EOL>
Recv 05.06.2012 21:52:44: 202 3<EOL>
Stat Disconnected.
Stat Connected.
Recv 05.06.2012 21:52:45: 200 Ok<EOL>
Sent 05.06.2012 21:52:45: get_defect_count_ratio 1<EOL>
Recv 05.06.2012 21:52:45: 202 3<EOL>
Stat Disconnected.
Stat Connected.
Recv 05.06.2012 21:54:13: 200 Ok<EOL>
Sent 05.06.2012 21:54:13: get_defect_count_ratio 1<EOL>
Recv 05.06.2012 21:54:13: 202 3<EOL>
Stat Disconnected.
Stat Connected.
Recv 05.06.2012 21:54:14: 200 Ok<EOL>
Sent 05.06.2012 21:54:14: get_defect_count_ratio 1<EOL>
Recv 05.06.2012 21:54:14: 202 3<EOL>
Stat Disconnected.
Stat Connected.
Recv 05.06.2012 21:55:01: 200 Ok<EOL>
Sent 05.06.2012 21:55:01: get_defect_count_ratio 1<EOL>
Recv 05.06.2012 21:55:01: 202 3<EOL>
Stat Disconnected.
Stat Connected.
Recv 05.06.2012 21:55:01: 200 Ok<EOL>
Sent 05.06.2012 21:55:01: get_defect_count_ratio 1<EOL>
Recv 05.06.2012 21:55:01: 202 3<EOL>
Stat Connected.
Recv 05.06.2012 21:55:11: 200 Ok<EOL>
Sent 05.06.2012 21:55:11: get_defect_count_ratio 1<EOL>
Recv 05.06.2012 21:55:11: 202 3<EOL>
Stat Disconnected.
Stat Connected.
Recv 05.06.2012 21:55:13: 200 Ok<EOL>
Sent 05.06.2012 21:55:13: get_defect_count_ratio 1<EOL>
Recv 05.06.2012 21:55:13: 202 3<EOL>
Stat Disconnected.
Stat Connected.
Recv 05.06.2012 21:56:06: 200 Ok<EOL>
Sent 05.06.2012 21:56:06: get_defect_count_ratio 1<EOL>
Recv 05.06.2012 21:56:06: 202 3<EOL>
Stat Disconnected.
Stat Connected.
Recv 05.06.2012 21:56:08: 200 Ok<EOL>
Sent 05.06.2012 21:56:08: get_defect_count_ratio 1<EOL>
Recv 05.06.2012 21:56:08: 202 3<EOL>
Stat Disconnected.
Stat Connected.
Recv 05.06.2012 21:57:01: 200 Ok<EOL>
Sent 05.06.2012 21:57:01: get_defect_count_ratio 1<EOL>
Recv 05.06.2012 21:57:01: 202 3<EOL>
Stat Disconnected.
Stat Connected.
Recv 05.06.2012 21:57:02: 200 Ok<EOL>
Sent 05.06.2012 21:57:02: get_defect_count_ratio 1<EOL>
Recv 05.06.2012 21:57:02: 202 3<EOL>
Stat Disconnected.
Stat Connected.
Recv 05.06.2012 21:57:13: 200 Ok<EOL>
Sent 05.06.2012 21:57:13: get_defect_count_ratio 1<EOL>
Recv 05.06.2012 21:57:13: 202 3<EOL>
Stat Disconnected.
Stat Connected.
Recv 05.06.2012 21:57:14: 200 Ok<EOL>
Sent 05.06.2012 21:57:14: get_defect_count_ratio 1<EOL>
Recv 05.06.2012 21:57:14: 202 3<EOL>
Stat Disconnected.
Stat Connected.
Recv 05.06.2012 21:57:30: 200 Ok<EOL>
Sent 05.06.2012 21:57:30: get_defect_count_ratio 1<EOL>
Recv 05.06.2012 21:57:30: 202 3<EOL>
Stat Disconnected.
Stat Connected.
Recv 05.06.2012 21:57:30: 200 Ok<EOL>
Sent 05.06.2012 21:57:30: get_defect_count_ratio 1<EOL>
Recv 05.06.2012 21:57:30: 202 3<EOL>
Stat Disconnected.
Stat Connected.
Recv 05.06.2012 21:57:39: 200 Ok<EOL>
Sent 05.06.2012 21:57:39: get_defect_count_ratio 1<EOL>
Recv 05.06.2012 21:57:39: 202 3<EOL>
Stat Connected.
Recv 05.06.2012 21:58:32: 200 Ok<EOL>
Sent 05.06.2012 21:58:32: get_defect_count_ratio 1<EOL>
Recv 05.06.2012 21:58:32: 202 3<EOL>
Stat Disconnected.
Stat Connected.
Recv 05.06.2012 21:58:32: 200 Ok<EOL>
Sent 05.06.2012 21:58:32: get_defect_count_ratio 1<EOL>
Recv 05.06.2012 21:58:32: 202 3<EOL>
Stat Disconnected.
Stat Connected.
Recv 05.06.2012 21:58:39: 200 Ok<EOL>
Sent 05.06.2012 21:58:39: get_defect_count_ratio 1<EOL>
Recv 05.06.2012 21:58:39: 202 3<EOL>
Stat Disconnected.
Stat Connected.
Recv 05.06.2012 21:58:39: 200 Ok<EOL>
Sent 05.06.2012 21:58:39: get_defect_count_ratio 1<EOL>
Recv 05.06.2012 21:58:39: 202 3<EOL>
Stat Disconnected.
Stat Connected.
Recv 05.06.2012 21:58:51: 200 Ok<EOL>
Sent 05.06.2012 21:58:51: get_defect_count_ratio 1<EOL>
Recv 05.06.2012 21:58:51: 202 3<EOL>
Stat Disconnected.
Stat Connected.
Recv 05.06.2012 21:58:51: 200 Ok<EOL>
Sent 05.06.2012 21:58:51: get_defect_count_ratio 1<EOL>
Recv 05.06.2012 21:58:51: 202 3<EOL>
Stat Disconnected.
Stat Connected.
Recv 05.06.2012 21:58:57: 200 Ok<EOL>
Sent 05.06.2012 21:58:57: get_defect_count_ratio 1<EOL>
Recv 05.06.2012 21:58:57: 202 3<EOL>
Stat Disconnected.
Stat Connected.
Recv 05.06.2012 21:58:57: 200 Ok<EOL>
Sent 05.06.2012 21:58:57: get_defect_count_ratio 1<EOL>
Recv 05.06.2012 21:58:57: 202 3<EOL>
Stat Disconnected.
Stat Connected.
Recv 05.06.2012 21:59:03: 200 Ok<EOL>
Sent 05.06.2012 21:59:03: get_defect_count_ratio 1<EOL>
Recv 05.06.2012 21:59:03: 202 3<EOL>
Stat Disconnected.
Stat Connected.
Recv 05.06.2012 21:59:04: 200 Ok<EOL>
Sent 05.06.2012 21:59:04: get_defect_count_ratio 1<EOL>
Recv 05.06.2012 21:59:04: 202 3<EOL>
Stat Disconnected.
Stat Connected.
Recv 05.06.2012 21:59:10: 200 Ok<EOL>
Sent 05.06.2012 21:59:10: get_defect_count_ratio 1<EOL>
Recv 05.06.2012 21:59:10: 202 3<EOL>
Stat Disconnected.
Stat Connected.
Recv 05.06.2012 21:59:10: 200 Ok<EOL>
Sent 05.06.2012 21:59:10: get_defect_count_ratio 1<EOL>
Recv 05.06.2012 21:59:10: 202 3<EOL>
Stat Disconnected.
Stat Connected.
Recv 05.06.2012 21:59:16: 200 Ok<EOL>
Sent 05.06.2012 21:59:16: get_defect_count_ratio 1<EOL>
Recv 05.06.2012 21:59:16: 202 3<EOL>
Stat Disconnected.
Stat Connected.
Recv 05.06.2012 21:59:16: 200 Ok<EOL>
Sent 05.06.2012 21:59:16: get_defect_count_ratio 1<EOL>
Recv 05.06.2012 21:59:16: 202 3<EOL>
Stat Disconnected.
Stat Connected.
Recv 05.06.2012 21:59:22: 200 Ok<EOL>
Sent 05.06.2012 21:59:22: get_defect_count_ratio 1<EOL>
Recv 05.06.2012 21:59:22: 202 3<EOL>
Stat Disconnected.
Stat Connected.
Recv 05.06.2012 21:59:22: 200 Ok<EOL>
Sent 05.06.2012 21:59:22: get_defect_count_ratio 1<EOL>
Recv 05.06.2012 21:59:22: 202 3<EOL>
Stat Disconnected.
Stat Connected.
Recv 05.06.2012 21:59:29: 200 Ok<EOL>
Sent 05.06.2012 21:59:29: get_defect_count_ratio 1<EOL>
Recv 05.06.2012 21:59:29: 202 3<EOL>
Stat Disconnected.
Stat Connected.
Recv 05.06.2012 21:59:29: 200 Ok<EOL>
Sent 05.06.2012 21:59:29: get_defect_count_ratio 1<EOL>
Recv 05.06.2012 21:59:29: 202 3<EOL>
Stat Disconnected.
Stat Connected.
Recv 05.06.2012 21:59:35: 200 Ok<EOL>
Sent 05.06.2012 21:59:35: get_defect_count_ratio 1<EOL>
Recv 05.06.2012 21:59:35: 202 3<EOL>
Stat Connected.
Recv 05.06.2012 22:03:42: 200 Ok<EOL>
Sent 05.06.2012 22:03:42: get_defect_count_ratio 1<EOL>
Recv 05.06.2012 22:03:42: 202 3<EOL>
Stat Disconnected.
Stat Connected.
Recv 05.06.2012 22:03:49: 200 Ok<EOL>
Sent 05.06.2012 22:03:49: get_defect_count_ratio 1<EOL>
Recv 05.06.2012 22:03:49: 202 3<EOL>
Stat Disconnected.
Stat Connected.
Recv 05.06.2012 22:03:55: 200 Ok<EOL>
Sent 05.06.2012 22:03:55: get_defect_count_ratio 1<EOL>
Recv 05.06.2012 22:03:55: 202 3<EOL>
Stat Disconnected.
Stat Connected.
Recv 05.06.2012 22:04:01: 200 Ok<EOL>
Sent 05.06.2012 22:04:01: get_defect_count_ratio 1<EOL>
Recv 05.06.2012 22:04:01: 202 3<EOL>
Stat Disconnected.
Stat Connected.
Recv 05.06.2012 22:04:08: 200 Ok<EOL>
Sent 05.06.2012 22:04:08: get_defect_count_ratio 1<EOL>
Recv 05.06.2012 22:04:08: 202 3<EOL>
Stat Disconnected.
Stat Connected.
Recv 05.06.2012 22:04:14: 200 Ok<EOL>
Sent 05.06.2012 22:04:14: get_defect_count_ratio 1<EOL>
Recv 05.06.2012 22:04:14: 202 3<EOL>
Stat Disconnected.
Stat Connected.
Recv 05.06.2012 22:04:24: 200 Ok<EOL>
Sent 05.06.2012 22:04:24: get_defect_count_ratio 1<EOL>
Recv 05.06.2012 22:04:24: 202 3<EOL>
Stat Disconnected.
Stat Connected.
Recv 05.06.2012 22:04:32: 200 Ok<EOL>
Sent 05.06.2012 22:04:32: get_defect_count_ratio 1<EOL>
Recv 05.06.2012 22:04:32: 202 3<EOL>
Stat Disconnected.
Stat Connected.
Recv 05.06.2012 22:04:39: 200 Ok<EOL>
Sent 05.06.2012 22:04:39: get_defect_count_ratio 1<EOL>
Recv 05.06.2012 22:04:39: 202 3<EOL>
Stat Disconnected.
Stat Connected.
Recv 05.06.2012 22:04:45: 200 Ok<EOL>
Sent 05.06.2012 22:04:45: get_defect_count_ratio 1<EOL>
Recv 05.06.2012 22:04:45: 202 3<EOL>
Stat Disconnected.
Stat Connected.
Recv 05.06.2012 22:04:52: 200 Ok<EOL>
Sent 05.06.2012 22:04:52: get_defect_count_ratio 1<EOL>
Recv 05.06.2012 22:04:52: 202 3<EOL>
Stat Disconnected.
Stat Connected.
Recv 05.06.2012 22:04:58: 200 Ok<EOL>
Sent 05.06.2012 22:04:58: get_defect_count_ratio 1<EOL>
Recv 05.06.2012 22:04:58: 202 3<EOL>
Stat Disconnected.
Stat Connected.
Recv 05.06.2012 22:05:05: 200 Ok<EOL>
Sent 05.06.2012 22:05:05: get_defect_count_ratio 1<EOL>
Recv 05.06.2012 22:05:05: 202 3<EOL>
Stat Disconnected.
Stat Connected.
Recv 05.06.2012 22:05:11: 200 Ok<EOL>
Sent 05.06.2012 22:05:11: get_defect_count_ratio 1<EOL>
Recv 05.06.2012 22:05:11: 202 3<EOL>
Stat Disconnected.
Stat Connected.
Recv 05.06.2012 22:05:18: 200 Ok<EOL>
Sent 05.06.2012 22:05:18: get_defect_count_ratio 1<EOL>
Recv 05.06.2012 22:05:18: 202 3<EOL>
Stat Disconnected.
Stat Connected.
Recv 05.06.2012 22:05:29: 200 Ok<EOL>
Sent 05.06.2012 22:05:29: get_defect_count_ratio 1<EOL>
Recv 05.06.2012 22:05:29: 202 3<EOL>
Stat Disconnected.
Stat Connected.
Recv 05.06.2012 22:05:35: 200 Ok<EOL>
Sent 05.06.2012 22:05:35: get_defect_count_ratio 1<EOL>
Recv 05.06.2012 22:05:35: 202 3<EOL>
Stat Disconnected.
Stat Connected.
Recv 05.06.2012 22:05:42: 200 Ok<EOL>
Sent 05.06.2012 22:05:42: get_defect_count_ratio 1<EOL>
Recv 05.06.2012 22:05:42: 202 3<EOL>
Stat Disconnected.
Stat Connected.
Recv 05.06.2012 22:05:48: 200 Ok<EOL>
Sent 05.06.2012 22:05:48: get_defect_count_ratio 1<EOL>
Recv 05.06.2012 22:05:48: 202 3<EOL>
Stat Disconnected.
Stat Connected.
Recv 05.06.2012 22:05:55: 200 Ok<EOL>
Sent 05.06.2012 22:05:55: get_defect_count_ratio 1<EOL>
Recv 05.06.2012 22:05:55: 202 3<EOL>
Stat Disconnected.
Stat Connected.
Recv 05.06.2012 22:06:01: 200 Ok<EOL>
Sent 05.06.2012 22:06:01: get_defect_count_ratio 1<EOL>
Recv 05.06.2012 22:06:01: 202 3<EOL>
Stat Disconnected.
Stat Connected.
Recv 05.06.2012 22:06:07: 200 Ok<EOL>
Sent 05.06.2012 22:06:07: get_defect_count_ratio 1<EOL>
Recv 05.06.2012 22:06:07: 202 3<EOL>
Stat Disconnected.
Stat Connected.
Recv 05.06.2012 22:06:14: 200 Ok<EOL>
Sent 05.06.2012 22:06:14: get_defect_count_ratio 1<EOL>
Recv 05.06.2012 22:06:14: 202 3<EOL>
Stat Disconnected.
Stat Connected.
Recv 05.06.2012 22:06:20: 200 Ok<EOL>
Sent 05.06.2012 22:06:20: get_defect_count_ratio 1<EOL>
Recv 05.06.2012 22:06:20: 202 3<EOL>
Stat Disconnected.
Stat Connected.
Recv 05.06.2012 22:06:27: 200 Ok<EOL>
Sent 05.06.2012 22:06:27: get_defect_count_ratio 1<EOL>
Recv 05.06.2012 22:06:27: 202 3<EOL>
Stat Disconnected.
Stat Connected.
Recv 05.06.2012 22:06:35: 200 Ok<EOL>
Sent 05.06.2012 22:06:35: get_defect_count_ratio 1<EOL>
Recv 05.06.2012 22:06:35: 202 3<EOL>
Stat Disconnected.
Stat Connected.
Recv 05.06.2012 22:06:35: 200 Ok<EOL>
Sent 05.06.2012 22:06:35: get_defect_count_ratio 1<EOL>
Recv 05.06.2012 22:06:35: 202 3<EOL>
Stat Disconnected.
Stat Connected.
Recv 05.06.2012 22:06:41: 200 Ok<EOL>
Sent 05.06.2012 22:06:41: get_defect_count_ratio 1<EOL>
Recv 05.06.2012 22:06:41: 202 3<EOL>
Stat Disconnected.
Stat Connected.
Recv 05.06.2012 22:06:42: 200 Ok<EOL>
Sent 05.06.2012 22:06:42: get_defect_count_ratio 1<EOL>
Recv 05.06.2012 22:06:42: 202 3<EOL>
Stat Disconnected.
Stat Connected.
Recv 05.06.2012 22:06:48: 200 Ok<EOL>
Sent 05.06.2012 22:06:48: get_defect_count_ratio 1<EOL>
Recv 05.06.2012 22:06:48: 202 3<EOL>
Stat Disconnected.
Stat Connected.
Recv 05.06.2012 22:06:48: 200 Ok<EOL>
Sent 05.06.2012 22:06:48: get_defect_count_ratio 1<EOL>
Recv 05.06.2012 22:06:48: 202 3<EOL>
Stat Disconnected.
Stat Connected.
Recv 05.06.2012 22:06:54: 200 Ok<EOL>
Sent 05.06.2012 22:06:54: get_defect_count_ratio 1<EOL>
Recv 05.06.2012 22:06:54: 202 3<EOL>
Stat Disconnected.
Stat Connected.
Recv 05.06.2012 22:06:54: 200 Ok<EOL>
Sent 05.06.2012 22:06:54: get_defect_count_ratio 1<EOL>
Recv 05.06.2012 22:06:54: 202 3<EOL>
Stat Disconnected.
Stat Connected.
Recv 05.06.2012 22:07:00: 200 Ok<EOL>
Sent 05.06.2012 22:07:00: get_defect_count_ratio 1<EOL>
Recv 05.06.2012 22:07:00: 202 3<EOL>
Stat Disconnected.
Stat Connected.
Recv 05.06.2012 22:07:01: 200 Ok<EOL>
Sent 05.06.2012 22:07:01: get_defect_count_ratio 1<EOL>
Recv 05.06.2012 22:07:01: 202 3<EOL>
Stat Disconnected.
Stat Connected.
Recv 05.06.2012 22:07:07: 200 Ok<EOL>
Sent 05.06.2012 22:07:07: get_defect_count_ratio 1<EOL>
Recv 05.06.2012 22:07:07: 202 3<EOL>
Stat Disconnected.
Stat Connected.
Recv 05.06.2012 22:07:07: 200 Ok<EOL>
Sent 05.06.2012 22:07:07: get_defect_count_ratio 1<EOL>
Recv 05.06.2012 22:07:07: 202 3<EOL>
Stat Disconnected.
Stat Connected.
Recv 05.06.2012 22:07:14: 200 Ok<EOL>
Sent 05.06.2012 22:07:14: get_defect_count_ratio 1<EOL>
Recv 05.06.2012 22:07:14: 202 3<EOL>
Stat Connected.
Recv 05.06.2012 22:15:46: 200 Ok<EOL>
Sent 05.06.2012 22:15:46: get_defect_count_ratio 1<EOL>
Recv 05.06.2012 22:15:46: 202 3<EOL>
Stat Disconnected.
Stat Connected.
Recv 05.06.2012 22:15:46: 200 Ok<EOL>
Sent 05.06.2012 22:15:46: get_defect_count_ratio 1<EOL>
Recv 05.06.2012 22:15:46: 202 3<EOL>
Stat Disconnected.
Stat Connected.
Recv 05.06.2012 22:15:53: 200 Ok<EOL>
Sent 05.06.2012 22:15:53: get_defect_count_ratio 1<EOL>
Recv 05.06.2012 22:15:53: 202 3<EOL>
Stat Disconnected.
Stat Connected.
Recv 05.06.2012 22:15:53: 200 Ok<EOL>
Sent 05.06.2012 22:15:53: get_defect_count_ratio 1<EOL>
Recv 05.06.2012 22:15:53: 202 3<EOL>
Stat Disconnected.
Stat Connected.
Recv 05.06.2012 22:15:59: 200 Ok<EOL>
Sent 05.06.2012 22:15:59: get_defect_count_ratio 1<EOL>
Recv 05.06.2012 22:15:59: 202 3<EOL>
Stat Disconnected.
Stat Connected.
Recv 05.06.2012 22:15:59: 200 Ok<EOL>
Sent 05.06.2012 22:15:59: get_defect_count_ratio 1<EOL>
Recv 05.06.2012 22:15:59: 202 3<EOL>
Stat Disconnected.
Stat Connected.
Recv 05.06.2012 22:16:06: 200 Ok<EOL>
Sent 05.06.2012 22:16:06: get_defect_count_ratio 1<EOL>
Recv 05.06.2012 22:16:06: 202 3<EOL>
Stat Disconnected.
Stat Connected.
Recv 05.06.2012 22:16:06: 200 Ok<EOL>
Sent 05.06.2012 22:16:06: get_defect_count_ratio 1<EOL>
Recv 05.06.2012 22:16:06: 202 3<EOL>
Stat Disconnected.
Stat Connected.
Recv 05.06.2012 22:16:12: 200 Ok<EOL>
Sent 05.06.2012 22:16:12: get_defect_count_ratio 1<EOL>
Recv 05.06.2012 22:16:12: 202 3<EOL>
Stat Disconnected.
Stat Connected.
Recv 05.06.2012 22:16:12: 200 Ok<EOL>
Sent 05.06.2012 22:16:12: get_defect_count_ratio 1<EOL>
Recv 05.06.2012 22:16:12: 202 3<EOL>
Stat Disconnected.
Stat Connected.
Recv 05.06.2012 22:16:18: 200 Ok<EOL>
Sent 05.06.2012 22:16:18: get_defect_count_ratio 1<EOL>
Recv 05.06.2012 22:16:18: 202 3<EOL>
Stat Disconnected.
Stat Connected.
Recv 05.06.2012 22:16:18: 200 Ok<EOL>
Sent 05.06.2012 22:16:18: get_defect_count_ratio 1<EOL>
Recv 05.06.2012 22:16:18: 202 3<EOL>
Stat Disconnected.
Stat Connected.
Recv 05.06.2012 22:16:25: 200 Ok<EOL>
Sent 05.06.2012 22:16:25: get_defect_count_ratio 1<EOL>
Recv 05.06.2012 22:16:25: 202 3<EOL>
Stat Disconnected.
Stat Connected.
Recv 05.06.2012 22:16:25: 200 Ok<EOL>
Sent 05.06.2012 22:16:25: get_defect_count_ratio 1<EOL>
Recv 05.06.2012 22:16:25: 202 3<EOL>
Stat Disconnected.
Stat Connected.
Recv 05.06.2012 22:16:31: 200 Ok<EOL>
Sent 05.06.2012 22:16:31: get_defect_count_ratio 1<EOL>
Recv 05.06.2012 22:16:31: 202 3<EOL>
Stat Disconnected.
Stat Connected.
Recv 05.06.2012 22:16:31: 200 Ok<EOL>
Sent 05.06.2012 22:16:31: get_defect_count_ratio 1<EOL>
Recv 05.06.2012 22:16:31: 202 3<EOL>
Stat Disconnected.
Stat Connected.
Recv 05.06.2012 22:16:37: 200 Ok<EOL>
Sent 05.06.2012 22:16:37: get_defect_count_ratio 1<EOL>
Recv 05.06.2012 22:16:37: 202 3<EOL>
Stat Disconnected.
Stat Connected.
Recv 05.06.2012 22:16:37: 200 Ok<EOL>
Sent 05.06.2012 22:16:37: get_defect_count_ratio 1<EOL>
Recv 05.06.2012 22:16:37: 202 3<EOL>
Stat Disconnected.
Stat Connected.
Recv 05.06.2012 22:16:43: 200 Ok<EOL>
Sent 05.06.2012 22:16:43: get_defect_count_ratio 1<EOL>
Recv 05.06.2012 22:16:43: 202 3<EOL>
Stat Disconnected.
Stat Connected.
Recv 05.06.2012 22:16:43: 200 Ok<EOL>
Sent 05.06.2012 22:16:43: get_defect_count_ratio 1<EOL>
Recv 05.06.2012 22:16:43: 202 3<EOL>
Stat Disconnected.
Stat Connected.
Recv 05.06.2012 22:16:50: 200 Ok<EOL>
Sent 05.06.2012 22:16:50: get_defect_count_ratio 1<EOL>
Recv 05.06.2012 22:16:50: 202 3<EOL>
Stat Disconnected.
Stat Connected.
Recv 05.06.2012 22:16:50: 200 Ok<EOL>
Sent 05.06.2012 22:16:50: get_defect_count_ratio 1<EOL>
Recv 05.06.2012 22:16:50: 202 3<EOL>
Stat Disconnected.
Stat Connected.
Recv 05.06.2012 22:16:56: 200 Ok<EOL>
Sent 05.06.2012 22:16:56: get_defect_count_ratio 1<EOL>
Recv 05.06.2012 22:16:56: 202 3<EOL>
Stat Disconnected.
Stat Connected.
Recv 05.06.2012 22:16:56: 200 Ok<EOL>
Sent 05.06.2012 22:16:56: get_defect_count_ratio 1<EOL>
Recv 05.06.2012 22:16:56: 202 3<EOL>
Stat Disconnected.
Stat Connected.
Recv 05.06.2012 22:17:02: 200 Ok<EOL>
Sent 05.06.2012 22:17:02: get_defect_count_ratio 1<EOL>
Recv 05.06.2012 22:17:02: 202 3<EOL>
Stat Disconnected.
Stat Connected.
Recv 05.06.2012 22:17:02: 200 Ok<EOL>
Sent 05.06.2012 22:17:02: get_defect_count_ratio 1<EOL>
Recv 05.06.2012 22:17:02: 202 3<EOL>
Stat Disconnected.
Stat Connected.
Recv 05.06.2012 22:17:09: 200 Ok<EOL>
Sent 05.06.2012 22:17:09: get_defect_count_ratio 1<EOL>
Recv 05.06.2012 22:17:09: 202 3<EOL>
Stat Connected.
Recv 05.06.2012 22:18:01: 200 Ok<EOL>
Sent 05.06.2012 22:18:01: get_defect_count_ratio 1<EOL>
Recv 05.06.2012 22:18:01: 202 3<EOL>
Stat Disconnected.
Stat Connected.
Recv 05.06.2012 22:18:01: 200 Ok<EOL>
Sent 05.06.2012 22:18:01: get_defect_count_ratio 1<EOL>
Recv 05.06.2012 22:18:01: 202 3<EOL>
Stat Disconnected.
Stat Connected.
Recv 05.06.2012 22:18:07: 200 Ok<EOL>
Sent 05.06.2012 22:18:07: get_defect_count_ratio 1<EOL>
Recv 05.06.2012 22:18:07: 202 3<EOL>
Stat Disconnected.
Stat Connected.
Recv 05.06.2012 22:18:08: 200 Ok<EOL>
Sent 05.06.2012 22:18:08: get_defect_count_ratio 1<EOL>
Recv 05.06.2012 22:18:08: 202 3<EOL>
Stat Disconnected.
Stat Connected.
Recv 05.06.2012 22:18:13: 200 Ok<EOL>
Sent 05.06.2012 22:18:13: get_defect_count_ratio 1<EOL>
Recv 05.06.2012 22:18:13: 202 3<EOL>
Stat Disconnected.
Stat Connected.
Recv 05.06.2012 22:18:14: 200 Ok<EOL>
Sent 05.06.2012 22:18:14: get_defect_count_ratio 1<EOL>
Recv 05.06.2012 22:18:14: 202 3<EOL>
Stat Disconnected.
Stat Connected.
Recv 05.06.2012 22:18:19: 200 Ok<EOL>
Sent 05.06.2012 22:18:19: get_defect_count_ratio 1<EOL>
Recv 05.06.2012 22:18:19: 202 3<EOL>
Stat Disconnected.
Stat Connected.
Recv 05.06.2012 22:18:20: 200 Ok<EOL>
Sent 05.06.2012 22:18:20: get_defect_count_ratio 1<EOL>
Recv 05.06.2012 22:18:20: 202 3<EOL>
Stat Connected.
Recv 05.06.2012 22:19:11: 200 Ok<EOL>
Sent 05.06.2012 22:19:11: get_defect_count_ratio 1<EOL>
Recv 05.06.2012 22:19:11: 202 3<EOL>
Stat Disconnected.
Stat Connected.
Recv 05.06.2012 22:19:11: 200 Ok<EOL>
Sent 05.06.2012 22:19:11: get_defect_count_ratio 1<EOL>
Recv 05.06.2012 22:19:11: 202 3<EOL>
Stat Disconnected.
Stat Connected.
Recv 05.06.2012 22:19:17: 200 Ok<EOL>
Sent 05.06.2012 22:19:17: get_defect_count_ratio 1<EOL>
Recv 05.06.2012 22:19:17: 202 3<EOL>
Stat Disconnected.
Stat Connected.
Recv 05.06.2012 22:19:17: 200 Ok<EOL>
Sent 05.06.2012 22:19:17: get_defect_count_ratio 1<EOL>
Recv 05.06.2012 22:19:17: 202 3<EOL>
Stat Disconnected.
Stat Connected.
Recv 05.06.2012 22:19:23: 200 Ok<EOL>
Sent 05.06.2012 22:19:23: get_defect_count_ratio 1<EOL>
Recv 05.06.2012 22:19:23: 202 3<EOL>
Stat Disconnected.
Stat Connected.
Recv 05.06.2012 22:19:23: 200 Ok<EOL>
Sent 05.06.2012 22:19:23: get_defect_count_ratio 1<EOL>
Recv 05.06.2012 22:19:23: 202 3<EOL>
Stat Disconnected.
Stat Connected.
Recv 05.06.2012 22:19:29: 200 Ok<EOL>
Sent 05.06.2012 22:19:29: get_defect_count_ratio 1<EOL>
Recv 05.06.2012 22:19:29: 202 3<EOL>
Stat Disconnected.
Stat Connected.
Recv 05.06.2012 22:19:29: 200 Ok<EOL>
Sent 05.06.2012 22:19:29: get_defect_count_ratio 1<EOL>
Recv 05.06.2012 22:19:29: 202 3<EOL>
Stat Disconnected.
Stat Connected.
Recv 05.06.2012 22:19:35: 200 Ok<EOL>
Sent 05.06.2012 22:19:35: get_defect_count_ratio 1<EOL>
Recv 05.06.2012 22:19:35: 202 3<EOL>
Stat Disconnected.
Stat Connected.
Recv 05.06.2012 22:19:36: 200 Ok<EOL>
Sent 05.06.2012 22:19:36: get_defect_count_ratio 1<EOL>
Recv 05.06.2012 22:19:36: 202 3<EOL>
Stat Disconnected.
Stat Connected.
Recv 05.06.2012 22:19:42: 200 Ok<EOL>
Sent 05.06.2012 22:19:42: get_defect_count_ratio 1<EOL>
Recv 05.06.2012 22:19:42: 202 3<EOL>
Stat Disconnected.
Stat Connected.
Recv 05.06.2012 22:19:42: 200 Ok<EOL>
Sent 05.06.2012 22:19:42: get_defect_count_ratio 1<EOL>
Recv 05.06.2012 22:19:42: 202 3<EOL>
Stat Disconnected.
Stat Connected.
Recv 05.06.2012 22:19:48: 200 Ok<EOL>
Sent 05.06.2012 22:19:48: get_defect_count_ratio 1<EOL>
Recv 05.06.2012 22:19:48: 202 3<EOL>
Stat Disconnected.
Stat Connected.
Recv 05.06.2012 22:19:48: 200 Ok<EOL>
Sent 05.06.2012 22:19:48: get_defect_count_ratio 1<EOL>
Recv 05.06.2012 22:19:48: 202 3<EOL>
Stat Disconnected.
Stat Connected.
Recv 05.06.2012 22:19:55: 200 Ok<EOL>
Sent 05.06.2012 22:19:55: get_defect_count_ratio 1<EOL>
Recv 05.06.2012 22:19:55: 202 3<EOL>
Stat Disconnected.
Stat Connected.
Recv 05.06.2012 22:19:55: 200 Ok<EOL>
Sent 05.06.2012 22:19:55: get_defect_count_ratio 1<EOL>
Recv 05.06.2012 22:19:55: 202 3<EOL>
Stat Disconnected.
Stat Connected.
Recv 05.06.2012 22:20:01: 200 Ok<EOL>
Sent 05.06.2012 22:20:01: get_defect_count_ratio 1<EOL>
Recv 05.06.2012 22:20:01: 202 3<EOL>
Stat Disconnected.
Stat Connected.
Recv 05.06.2012 22:20:01: 200 Ok<EOL>
Sent 05.06.2012 22:20:01: get_defect_count_ratio 1<EOL>
Recv 05.06.2012 22:20:01: 202 3<EOL>
Stat Disconnected.
Stat Connected.
Recv 05.06.2012 22:20:07: 200 Ok<EOL>
Sent 05.06.2012 22:20:07: get_defect_count_ratio 1<EOL>
Recv 05.06.2012 22:20:07: 202 3<EOL>
Stat Disconnected.
Stat Connected.
Recv 05.06.2012 22:20:08: 200 Ok<EOL>
Sent 05.06.2012 22:20:08: get_defect_count_ratio 1<EOL>
Recv 05.06.2012 22:20:08: 202 3<EOL>
Stat Disconnected.
Stat Connected.
Recv 05.06.2012 22:20:13: 200 Ok<EOL>
Sent 05.06.2012 22:20:13: get_defect_count_ratio 1<EOL>
Recv 05.06.2012 22:20:13: 202 3<EOL>
Stat Disconnected.
Stat Connected.
Recv 05.06.2012 22:20:14: 200 Ok<EOL>
Sent 05.06.2012 22:20:14: get_defect_count_ratio 1<EOL>
Recv 05.06.2012 22:20:14: 202 3<EOL>
Stat Disconnected.
Stat Connected.
Recv 05.06.2012 22:20:20: 200 Ok<EOL>
Sent 05.06.2012 22:20:20: get_defect_count_ratio 1<EOL>
Recv 05.06.2012 22:20:20: 202 3<EOL>
Stat Disconnected.
Stat Connected.
Recv 05.06.2012 22:20:20: 200 Ok<EOL>
Sent 05.06.2012 22:20:20: get_defect_count_ratio 1<EOL>
Recv 05.06.2012 22:20:20: 202 3<EOL>
Stat Disconnected.
Stat Connected.
Recv 05.06.2012 22:20:26: 200 Ok<EOL>
Sent 05.06.2012 22:20:26: get_defect_count_ratio 1<EOL>
Recv 05.06.2012 22:20:26: 202 3<EOL>
Stat Disconnected.
Stat Connected.
Recv 05.06.2012 22:20:26: 200 Ok<EOL>
Sent 05.06.2012 22:20:26: get_defect_count_ratio 1<EOL>
Recv 05.06.2012 22:20:26: 202 3<EOL>
Stat Disconnected.
Stat Connected.
Recv 05.06.2012 22:20:33: 200 Ok<EOL>
Sent 05.06.2012 22:20:33: get_defect_count_ratio 1<EOL>
Recv 05.06.2012 22:20:33: 202 3<EOL>
Stat Disconnected.
Stat Connected.
Recv 05.06.2012 22:20:33: 200 Ok<EOL>
Sent 05.06.2012 22:20:33: get_defect_count_ratio 1<EOL>
Recv 05.06.2012 22:20:33: 202 3<EOL>
Stat Connected.
Recv 05.06.2012 22:24:50: 200 Ok<EOL>
Stat Disconnected.
Stat Connected.
Recv 05.06.2012 22:24:52: 200 Ok<EOL>
Stat Disconnected.
Stat Connected.
Recv 05.06.2012 22:25:51: 200 Ok<EOL>
Stat Disconnected.
Stat Connected.
Recv 05.06.2012 22:25:51: 200 Ok<EOL>
Stat Disconnected.
Stat Connected.
Recv 05.06.2012 22:25:56: 200 Ok<EOL>
Stat Disconnected.
Stat Connected.
Recv 05.06.2012 22:25:57: 200 Ok<EOL>
Stat Disconnected.
Stat Connected.
Recv 05.06.2012 22:25:59: 200 Ok<EOL>
Stat Connected.
Recv 05.06.2012 22:26:27: 200 Ok<EOL>
Stat Disconnected.
Stat Connected.
Recv 05.06.2012 22:26:27: 200 Ok<EOL>
Stat Disconnected.
Stat Connected.
Recv 05.06.2012 22:26:29: 200 Ok<EOL>
Stat Disconnected.
Stat Connected.
Recv 05.06.2012 22:26:29: 200 Ok<EOL>
Stat Disconnected.
Stat Connected.
Recv 05.06.2012 22:26:31: 200 Ok<EOL>
Stat Disconnected.
Stat Connected.
Recv 05.06.2012 22:26:31: 200 Ok<EOL>
Stat Disconnected.
Stat Connected.
Recv 05.06.2012 22:26:34: 200 Ok<EOL>
Stat Disconnected.
Stat Connected.
Recv 05.06.2012 22:26:34: 200 Ok<EOL>
Stat Disconnected.
Stat Connected.
Recv 05.06.2012 22:29:24: 200 Ok<EOL>
Stat Disconnected.
Stat Connected.
Recv 05.06.2012 22:29:32: 200 Ok<EOL>
Sent 05.06.2012 22:29:32: set_defect_count_ratio 45<EOL>
Recv 05.06.2012 22:29:32: 203 45<EOL>
Stat Disconnected.
Stat Connected.
Recv 05.06.2012 22:29:33: 200 Ok<EOL>
Sent 05.06.2012 22:29:33: set_defect_count_ratio 54<EOL>
Recv 05.06.2012 22:29:33: 203 54<EOL>
Stat Disconnected.
Stat Connected.
Recv 05.06.2012 22:29:48: 200 Ok<EOL>
Sent 05.06.2012 22:29:48: set_defect_count_ratio 45<EOL>
Recv 05.06.2012 22:29:48: 203 45<EOL>
Stat Disconnected.
Stat Connected.
Recv 05.06.2012 22:29:48: 200 Ok<EOL>
Sent 05.06.2012 22:29:48: set_defect_count_ratio 54<EOL>
Recv 05.06.2012 22:29:48: 203 54<EOL>
Stat Disconnected.
Stat Connected.
Recv 05.06.2012 22:33:50: 200 Ok<EOL>
Sent 05.06.2012 22:33:50: get_defect_count_ratio 1<EOL>
Recv 05.06.2012 22:33:50: 202 45<EOL>
Stat Disconnected.
Stat Connected.
Recv 05.06.2012 22:33:50: 200 Ok<EOL>
Sent 05.06.2012 22:33:50: get_defect_count_ratio 1<EOL>
Recv 05.06.2012 22:33:50: 202 54<EOL>
Stat Disconnected.
Stat Connected.
Recv 05.06.2012 22:34:13: 200 Ok<EOL>
Sent 05.06.2012 22:34:13: set_defect_count_ratio 2<EOL>
Recv 05.06.2012 22:34:13: 203 2<EOL>
Stat Disconnected.
Stat Connected.
Recv 05.06.2012 22:34:13: 200 Ok<EOL>
Sent 05.06.2012 22:34:13: set_defect_count_ratio 3<EOL>
Recv 05.06.2012 22:34:13: 203 3<EOL>
Stat Disconnected.
Stat Connected.
Recv 05.06.2012 22:34:31: 200 Ok<EOL>
Sent 05.06.2012 22:34:31: set_defect_count_ratio 456<EOL>
Recv 05.06.2012 22:34:31: 203 456<EOL>
Stat Disconnected.
Stat Connected.
Recv 05.06.2012 22:34:31: 200 Ok<EOL>
Sent 05.06.2012 22:34:31: set_defect_count_ratio 654<EOL>
Recv 05.06.2012 22:34:31: 203 654<EOL>
Stat Disconnected.
Stat Connected.
Recv 05.06.2012 22:37:17: 200 Ok<EOL>
Sent 05.06.2012 22:37:17: get_defect_count_ratio 1<EOL>
Recv 05.06.2012 22:37:17: 202 456<EOL>
Stat Disconnected.
Stat Connected.
Recv 05.06.2012 22:37:18: 200 Ok<EOL>
Sent 05.06.2012 22:37:18: get_defect_count_ratio 1<EOL>
Recv 05.06.2012 22:37:18: 202 654<EOL>
Stat Disconnected.
Stat Connected.
Recv 05.06.2012 22:37:33: 200 Ok<EOL>
Sent 05.06.2012 22:37:33: get_defect_count_ratio 1<EOL>
Recv 05.06.2012 22:37:33: 202 456<EOL>
Stat Disconnected.
Stat Connected.
Recv 05.06.2012 22:37:33: 200 Ok<EOL>
Sent 05.06.2012 22:37:33: get_defect_count_ratio 1<EOL>
Recv 05.06.2012 22:37:33: 202 654<EOL>
Stat Disconnected.
Stat Connected.
Recv 05.06.2012 22:37:51: 200 Ok<EOL>
Sent 05.06.2012 22:37:51: set_defect_count_ratio 4<EOL>
Recv 05.06.2012 22:37:51: 203 4<EOL>
Stat Connected.
Recv 05.06.2012 22:38:26: 200 Ok<EOL>
Sent 05.06.2012 22:38:26: get_defect_count_ratio 1<EOL>
Recv 05.06.2012 22:38:26: 202 4<EOL>
Stat Disconnected.
Stat Connected.
Recv 05.06.2012 22:38:26: 200 Ok<EOL>
Sent 05.06.2012 22:38:26: get_defect_count_ratio 1<EOL>
Recv 05.06.2012 22:38:26: 202 654<EOL>
Stat Disconnected.
Stat Connected.
Recv 05.06.2012 22:38:40: 200 Ok<EOL>
Sent 05.06.2012 22:38:40: set_defect_count_ratio 2<EOL>
Recv 05.06.2012 22:38:40: 203 2<EOL>
Stat Disconnected.
Stat Connected.
Recv 05.06.2012 22:38:40: 200 Ok<EOL>
Sent 05.06.2012 22:38:40: set_defect_count_ratio 3<EOL>
Recv 05.06.2012 22:38:40: 203 3<EOL>
Stat Disconnected.
Stat Connected.
Recv 05.06.2012 22:38:52: 200 Ok<EOL>
Sent 05.06.2012 22:38:52: set_defect_count_ratio 1<EOL>
Recv 05.06.2012 22:38:52: 203 1<EOL>
Stat Disconnected.
Stat Connected.
Recv 05.06.2012 22:38:53: 200 Ok<EOL>
Sent 05.06.2012 22:38:53: set_defect_count_ratio 2<EOL>
Recv 05.06.2012 22:38:53: 203 2<EOL>
Stat Disconnected.
Stat Connected.
Recv 05.06.2012 22:41:57: 200 Ok<EOL>
Sent 05.06.2012 22:41:57: get_del_count 20120605<EOL>
Recv 05.06.2012 22:41:57: 205 Ok<EOL>
Stat Disconnected.
Stat Connected.
Recv 05.06.2012 22:41:57: 200 Ok<EOL>
Sent 05.06.2012 22:41:57: get_del_count 20120605<EOL>
Recv 05.06.2012 22:41:57: 205 Ok<EOL>
Stat Disconnected.
Stat Connected.
Recv 05.06.2012 22:43:24: 200 Ok<EOL>
Sent 05.06.2012 22:43:24: get_del_count 20120605<EOL>
Recv 05.06.2012 22:43:24: 205 100<EOL>
Stat Disconnected.
Stat Connected.
Recv 05.06.2012 22:43:24: 200 Ok<EOL>
Sent 05.06.2012 22:43:24: get_del_count 20120605<EOL>
Recv 05.06.2012 22:43:24: 205 Ok<EOL>
Stat Disconnected.
Stat Connected.
Recv 05.06.2012 22:43:51: 200 Ok<EOL>
Sent 05.06.2012 22:43:51: get_del_count 20120605<EOL>
Recv 05.06.2012 22:43:51: 205 100<EOL>
Stat Disconnected.
Stat Connected.
Recv 05.06.2012 22:43:52: 200 Ok<EOL>
Sent 05.06.2012 22:43:52: get_del_count 20120605<EOL>
Recv 05.06.2012 22:43:52: 205 Ok<EOL>
Stat Disconnected.
Stat Connected.
Recv 05.06.2012 22:56:35: 200 Ok<EOL>
Sent 05.06.2012 22:56:35: get_del_count 20120605<EOL>
Recv 05.06.2012 22:56:35: 205 100<EOL>
Stat Disconnected.
Stat Connected.
Recv 05.06.2012 22:56:35: 200 Ok<EOL>
Sent 05.06.2012 22:56:35: get_del_count 20120605<EOL>
Recv 05.06.2012 22:56:35: 205 Ok<EOL>
Stat Disconnected.
Stat Connected.
Recv 05.06.2012 22:56:56: 200 Ok<EOL>
Sent 05.06.2012 22:56:56: set_defect_count_ratio 4<EOL>
Recv 05.06.2012 22:56:56: 203 4<EOL>
Stat Disconnected.
Stat Connected.
Recv 05.06.2012 22:56:56: 200 Ok<EOL>
Sent 05.06.2012 22:56:56: set_defect_count_ratio 4<EOL>
Recv 05.06.2012 22:56:56: 203 4<EOL>
Stat Disconnected.
Stat Connected.
Recv 05.06.2012 22:57:54: 200 Ok<EOL>
Sent 05.06.2012 22:57:54: get_del_count 20120605<EOL>
Recv 05.06.2012 22:57:54: 205 Ok<EOL>
Stat Disconnected.
Stat Connected.
Recv 05.06.2012 22:57:54: 200 Ok<EOL>
Sent 05.06.2012 22:57:54: get_del_count 20120605<EOL>
Recv 05.06.2012 22:57:54: 205 Ok<EOL>
Stat Disconnected.
Stat Connected.
Recv 05.06.2012 22:59:00: 200 Ok<EOL>
Sent 05.06.2012 22:59:00: get_del_count 20120605<EOL>
Recv 05.06.2012 22:59:00: 205 Ok<EOL>
Stat Disconnected.
Stat Connected.
Recv 05.06.2012 22:59:00: 200 Ok<EOL>
Sent 05.06.2012 22:59:00: get_del_count 20120605<EOL>
Recv 05.06.2012 22:59:00: 205 Ok<EOL>
Stat Disconnected.
Stat Connected.
Recv 05.06.2012 22:59:50: 200 Ok<EOL>
Sent 05.06.2012 22:59:50: get_del_count 20120605<EOL>
Recv 05.06.2012 22:59:50: 205 Ok<EOL>
Stat Disconnected.
Stat Connected.
Recv 05.06.2012 22:59:50: 200 Ok<EOL>
Sent 05.06.2012 22:59:50: get_del_count 20120605<EOL>
Recv 05.06.2012 22:59:50: 205 Ok<EOL>
Stat Disconnected.
Stat Connected.
Recv 05.06.2012 23:00:14: 200 Ok<EOL>
Sent 05.06.2012 23:00:14: get_del_count 20120605<EOL>
Recv 05.06.2012 23:00:14: 205 Ok<EOL>
Stat Disconnected.
Stat Connected.
Recv 05.06.2012 23:00:14: 200 Ok<EOL>
Sent 05.06.2012 23:00:14: get_del_count 20120605<EOL>
Recv 05.06.2012 23:00:14: 205 Ok<EOL>
Stat Disconnected.
Stat Connected.
Recv 05.06.2012 23:00:21: 200 Ok<EOL>
Sent 05.06.2012 23:00:21: get_defect_count_ratio 1<EOL>
Recv 05.06.2012 23:00:21: 202 4<EOL>
Stat Disconnected.
Stat Connected.
Recv 05.06.2012 23:00:21: 200 Ok<EOL>
Sent 05.06.2012 23:00:21: get_defect_count_ratio 1<EOL>
Recv 05.06.2012 23:00:21: 202 4<EOL>
Stat Disconnected.
Stat Connected.
Recv 05.06.2012 23:00:32: 200 Ok<EOL>
Sent 05.06.2012 23:00:32: get_del_count 20120604<EOL>
Recv 05.06.2012 23:00:32: 205 10<EOL>
Stat Disconnected.
Stat Connected.
Recv 05.06.2012 23:00:33: 200 Ok<EOL>
Sent 05.06.2012 23:00:33: get_del_count 20120604<EOL>
Recv 05.06.2012 23:00:33: 205 Ok<EOL>
Stat Disconnected.
Stat Connected.
Recv 05.06.2012 23:01:05: 200 Ok<EOL>
Sent 05.06.2012 23:01:05: get_del_count 20120531<EOL>
Recv 05.06.2012 23:01:05: 205 5<EOL>
Stat Disconnected.
Stat Connected.
Recv 05.06.2012 23:01:05: 200 Ok<EOL>
Stat Connected.
Recv 05.06.2012 23:01:24: 200 Ok<EOL>
Sent 05.06.2012 23:01:24: get_del_count 20120531<EOL>
Recv 05.06.2012 23:01:24: 205 5<EOL>
Stat Disconnected.
Stat Connected.
Recv 05.06.2012 23:01:24: 200 Ok<EOL>
Sent 05.06.2012 23:01:24: get_del_count 20120531<EOL>
Recv 05.06.2012 23:01:24: 205 Ok<EOL>
Stat Disconnected.
Stat Connected.
Recv 05.06.2012 23:02:00: 200 Ok<EOL>
Sent 05.06.2012 23:02:00: get_del_count 20120605<EOL>
Recv 05.06.2012 23:02:00: 205 Ok<EOL>
Stat Disconnected.
Stat Connected.
Recv 05.06.2012 23:02:00: 200 Ok<EOL>
Sent 05.06.2012 23:02:00: get_del_count 20120605<EOL>
Recv 05.06.2012 23:02:00: 205 Ok<EOL>
Stat Disconnected.
Stat Connected.
Recv 05.06.2012 23:02:14: 200 Ok<EOL>
Sent 05.06.2012 23:02:14: set_defect_count_ratio 10<EOL>
Recv 05.06.2012 23:02:14: 203 10<EOL>
Stat Disconnected.
Stat Connected.
Recv 05.06.2012 23:02:14: 200 Ok<EOL>
Sent 05.06.2012 23:02:14: set_defect_count_ratio <EOL>
Recv 05.06.2012 23:02:14: 203 3<EOL>
Stat Disconnected.
