Stat Connected.
Recv 20.06.2012 0:00:29: 200 Ok<EOL>
Sent 20.06.2012 0:00:30: get_defect_count_ratio 1<EOL>
Recv 20.06.2012 0:00:30: 202 3<EOL>
Stat Disconnected.
Stat Connected.
Recv 20.06.2012 0:01:33: 200 Ok<EOL>
Sent 20.06.2012 0:01:34: get_defect_count_ratio 1<EOL>
Recv 20.06.2012 0:01:34: 202 3<EOL>
Stat Disconnected.
Stat Connected.
Recv 20.06.2012 0:02:10: 200 Ok<EOL>
Sent 20.06.2012 0:02:11: get_defect_count_ratio 1<EOL>
Recv 20.06.2012 0:02:11: 202 3<EOL>
Stat Disconnected.
Stat Connected.
Recv 20.06.2012 0:03:42: 200 Ok<EOL>
Sent 20.06.2012 0:03:43: get_defect_count_ratio 1<EOL>
Recv 20.06.2012 0:03:43: 202 3<EOL>
Stat Disconnected.
Stat Connected.
Recv 20.06.2012 0:04:27: 200 Ok<EOL>
Sent 20.06.2012 0:04:29: get_defect_count_ratio 1<EOL>
Recv 20.06.2012 0:04:29: 202 3<EOL>
Stat Disconnected.
Stat Connected.
Recv 20.06.2012 0:04:49: 200 Ok<EOL>
Sent 20.06.2012 0:04:51: get_defect_count_ratio 1<EOL>
Recv 20.06.2012 0:04:51: 202 3<EOL>
Stat Disconnected.
Stat Connected.
Recv 20.06.2012 0:10:59: 200 Ok<EOL>
Sent 20.06.2012 0:11:00: get_defect_count_ratio 1<EOL>
Recv 20.06.2012 0:11:00: 202 3<EOL>
Stat Disconnected.
Stat Connected.
Recv 20.06.2012 0:12:55: 200 Ok<EOL>
Stat Connected.
Recv 20.06.2012 0:13:50: 200 Ok<EOL>
Stat Connected.
Recv 20.06.2012 0:14:03: 200 Ok<EOL>
Stat Connected.
Recv 20.06.2012 0:17:00: 200 Ok<EOL>
Sent 20.06.2012 0:17:02: get_defect_count_ratio 1<EOL>
Recv 20.06.2012 0:17:02: 202 3<EOL>
Stat Disconnected.
Stat Connected.
Recv 20.06.2012 0:17:19: 200 Ok<EOL>
Sent 20.06.2012 0:17:21: get_defect_count_ratio 1<EOL>
Recv 20.06.2012 0:17:21: 202 3<EOL>
Stat Disconnected.
Stat Disconnected.
Stat Disconnected.
Stat Disconnected.
Stat Connected.
Recv 20.06.2012 0:18:03: 200 Ok<EOL>
Sent 20.06.2012 0:18:05: get_defect_count_ratio 1<EOL>
Recv 20.06.2012 0:18:05: 202 3<EOL>
Stat Disconnected.
Stat Connected.
Recv 20.06.2012 0:18:08: 200 Ok<EOL>
Sent 20.06.2012 0:18:09: get_defect_count_ratio 1<EOL>
Recv 20.06.2012 0:18:09: 202 3<EOL>
Stat Disconnected.
Stat Connected.
Recv 20.06.2012 0:18:12: 200 Ok<EOL>
Sent 20.06.2012 0:18:13: get_defect_count_ratio 1<EOL>
Recv 20.06.2012 0:18:13: 202 3<EOL>
Stat Disconnected.
Stat Disconnected.
Stat Disconnected.
Stat Disconnected.
Stat Connected.
Recv 20.06.2012 0:18:47: 200 Ok<EOL>
Stat Disconnected.
Stat Disconnected.
Stat Disconnected.
Stat Connected.
Recv 20.06.2012 0:19:29: 200 Ok<EOL>
Sent 20.06.2012 0:19:30: get_defect_count_ratio 1<EOL>
Recv 20.06.2012 0:19:30: 202 3<EOL>
Stat Disconnected.
Stat Connected.
Recv 20.06.2012 0:19:32: 200 Ok<EOL>
Sent 20.06.2012 0:19:34: get_defect_count_ratio 1<EOL>
Recv 20.06.2012 0:19:34: 202 3<EOL>
Stat Disconnected.
Stat Connected.
Recv 20.06.2012 0:19:35: 200 Ok<EOL>
Sent 20.06.2012 0:19:37: get_defect_count_ratio 1<EOL>
Recv 20.06.2012 0:19:37: 202 3<EOL>
Stat Disconnected.
Stat Disconnected.
Stat Disconnected.
Stat Disconnected.
Stat Connected.
Recv 20.06.2012 0:19:50: 200 Ok<EOL>
Sent 20.06.2012 0:19:52: get_defect_count_ratio 1<EOL>
Recv 20.06.2012 0:19:52: 202 3<EOL>
Stat Disconnected.
Stat Connected.
Recv 20.06.2012 0:19:53: 200 Ok<EOL>
Sent 20.06.2012 0:19:55: get_defect_count_ratio 1<EOL>
Recv 20.06.2012 0:19:55: 202 3<EOL>
Stat Disconnected.
Stat Connected.
Recv 20.06.2012 0:19:56: 200 Ok<EOL>
Sent 20.06.2012 0:19:58: get_defect_count_ratio 1<EOL>
Recv 20.06.2012 0:19:58: 202 3<EOL>
Stat Disconnected.
Stat Disconnected.
Stat Disconnected.
Stat Disconnected.
Stat Connected.
Recv 20.06.2012 0:25:38: 200 Ok<EOL>
Sent 20.06.2012 0:25:40: get_defect_count_ratio 1<EOL>
Recv 20.06.2012 0:25:40: 202 3<EOL>
Stat Disconnected.
Stat Connected.
Recv 20.06.2012 0:25:41: 200 Ok<EOL>
Sent 20.06.2012 0:25:43: get_defect_count_ratio 1<EOL>
Recv 20.06.2012 0:25:43: 202 3<EOL>
Stat Disconnected.
Stat Connected.
Recv 20.06.2012 0:25:44: 200 Ok<EOL>
Sent 20.06.2012 0:25:46: get_defect_count_ratio 1<EOL>
Recv 20.06.2012 0:25:46: 202 3<EOL>
Stat Disconnected.
Stat Disconnected.
Stat Disconnected.
Stat Disconnected.
Stat Connected.
Recv 20.06.2012 0:38:52: 200 Ok<EOL>
Stat Connected.
Recv 20.06.2012 0:39:29: 200 Ok<EOL>
Stat Connected.
Recv 20.06.2012 0:42:30: 200 Ok<EOL>
Stat Connected.
Recv 20.06.2012 0:43:11: 200 Ok<EOL>
Sent 20.06.2012 0:43:12: get_defect_count_ratio 1<EOL>
Recv 20.06.2012 0:43:12: 202 3<EOL>
Stat Disconnected.
Stat Connected.
Recv 20.06.2012 0:43:17: 200 Ok<EOL>
Stat Connected.
Recv 20.06.2012 0:45:17: 200 Ok<EOL>
Stat Connected.
Recv 20.06.2012 0:46:46: 200 Ok<EOL>
Stat Connected.
Recv 20.06.2012 0:47:21: 200 Ok<EOL>
Stat Connected.
Recv 20.06.2012 0:48:07: 200 Ok<EOL>
Sent 20.06.2012 0:48:09: get_defect_count_ratio 1<EOL>
Recv 20.06.2012 0:48:09: 202 3<EOL>
Stat Disconnected.
Stat Connected.
Recv 20.06.2012 0:48:14: 200 Ok<EOL>
Stat Connected.
Recv 20.06.2012 0:48:56: 200 Ok<EOL>
Stat Connected.
Recv 20.06.2012 0:50:06: 200 Ok<EOL>
Sent 20.06.2012 0:50:07: get_defect_count_ratio 1<EOL>
Recv 20.06.2012 0:50:07: 202 3<EOL>
Stat Disconnected.
Stat Connected.
Recv 20.06.2012 0:50:10: 200 Ok<EOL>
Stat Connected.
Recv 20.06.2012 0:50:58: 200 Ok<EOL>
Stat Connected.
Recv 20.06.2012 0:51:21: 200 Ok<EOL>
Stat Connected.
Recv 20.06.2012 0:54:05: 200 Ok<EOL>
Stat Disconnected.
Stat Disconnected.
Stat Disconnected.
Stat Disconnected.
Stat Connected.
Recv 20.06.2012 0:54:25: 200 Ok<EOL>
Stat Disconnected.
Stat Connected.
Recv 20.06.2012 0:54:27: 200 Ok<EOL>
Stat Disconnected.
Stat Disconnected.
Stat Disconnected.
Stat Disconnected.
Stat Disconnected.
Stat Disconnected.
Stat Disconnected.
Stat Connected.
Recv 20.06.2012 0:55:11: 200 Ok<EOL>
Stat Disconnected.
Stat Connected.
Recv 20.06.2012 0:55:13: 200 Ok<EOL>
Stat Disconnected.
Stat Connected.
Recv 20.06.2012 0:55:15: 200 Ok<EOL>
Stat Disconnected.
Stat Disconnected.
Stat Disconnected.
Stat Disconnected.
Stat Connected.
Recv 20.06.2012 1:00:10: 200 Ok<EOL>
Sent 20.06.2012 1:00:11: set_defect_count_ratio 2<EOL>
Recv 20.06.2012 1:00:11: 203 2<EOL>
Stat Disconnected.
Stat Connected.
Recv 20.06.2012 1:00:14: 200 Ok<EOL>
Sent 20.06.2012 1:00:15: set_defect_count_ratio 3<EOL>
Recv 20.06.2012 1:00:15: 203 3<EOL>
Stat Connected.
Recv 20.06.2012 1:00:45: 200 Ok<EOL>
Sent 20.06.2012 1:00:47: set_defect_count_ratio 2<EOL>
Recv 20.06.2012 1:00:47: 203 2<EOL>
Stat Disconnected.
Stat Connected.
Recv 20.06.2012 1:00:55: 200 Ok<EOL>
Sent 20.06.2012 1:00:57: get_defect_count_ratio 1<EOL>
Recv 20.06.2012 1:00:57: 202 2<EOL>
Stat Disconnected.
Stat Connected.
Recv 20.06.2012 1:00:59: 200 Ok<EOL>
Sent 20.06.2012 1:01:01: set_defect_count_ratio 3<EOL>
Recv 20.06.2012 1:01:01: 203 3<EOL>
Stat Disconnected.
Stat Connected.
Recv 20.06.2012 1:01:09: 200 Ok<EOL>
Sent 20.06.2012 1:01:10: set_defect_count_ratio 1<EOL>
Recv 20.06.2012 1:01:10: 203 1<EOL>
Stat Disconnected.
Stat Connected.
Recv 20.06.2012 1:01:11: 200 Ok<EOL>
Sent 20.06.2012 1:01:12: set_defect_count_ratio 2<EOL>
Recv 20.06.2012 1:01:12: 203 2<EOL>
Stat Disconnected.
Stat Disconnected.
Stat Disconnected.
Stat Disconnected.
Stat Connected.
Recv 20.06.2012 1:01:29: 200 Ok<EOL>
Sent 20.06.2012 1:01:30: set_defect_count_ratio 3<EOL>
Recv 20.06.2012 1:01:30: 203 3<EOL>
Stat Disconnected.
Stat Connected.
Recv 20.06.2012 1:01:31: 200 Ok<EOL>
Sent 20.06.2012 1:01:32: set_defect_count_ratio 4<EOL>
Recv 20.06.2012 1:01:32: 203 4<EOL>
Stat Disconnected.
Stat Connected.
Recv 20.06.2012 1:01:33: 200 Ok<EOL>
Sent 20.06.2012 1:01:35: set_defect_count_ratio 5<EOL>
Recv 20.06.2012 1:01:35: 203 5<EOL>
Stat Disconnected.
Stat Disconnected.
Stat Disconnected.
Stat Connected.
Recv 20.06.2012 1:03:49: 200 Ok<EOL>
Sent 20.06.2012 1:03:51: set_defect_count_ratio 2<EOL>
Recv 20.06.2012 1:03:51: 203 2<EOL>
Stat Disconnected.
Stat Connected.
Recv 20.06.2012 1:03:52: 200 Ok<EOL>
Sent 20.06.2012 1:03:54: set_defect_count_ratio 3<EOL>
Recv 20.06.2012 1:03:54: 203 3<EOL>
Stat Disconnected.
Stat Connected.
Recv 20.06.2012 1:03:56: 200 Ok<EOL>
Sent 20.06.2012 1:03:57: set_defect_count_ratio 4<EOL>
Recv 20.06.2012 1:03:57: 203 4<EOL>
Stat Disconnected.
Stat Disconnected.
Stat Disconnected.
Stat Disconnected.
Stat Connected.
Recv 20.06.2012 1:04:09: 200 Ok<EOL>
Sent 20.06.2012 1:04:11: set_defect_count_ratio 2<EOL>
Recv 20.06.2012 1:04:11: 203 2<EOL>
Stat Disconnected.
Stat Connected.
Recv 20.06.2012 1:04:12: 200 Ok<EOL>
Sent 20.06.2012 1:04:14: set_defect_count_ratio 3<EOL>
Recv 20.06.2012 1:04:14: 203 3<EOL>
Stat Disconnected.
Stat Disconnected.
Stat Disconnected.
Stat Connected.
Recv 20.06.2012 1:05:48: 200 Ok<EOL>
Sent 20.06.2012 1:05:50: set_defect_count_ratio 2<EOL>
Recv 20.06.2012 1:05:50: 203 2<EOL>
Stat Disconnected.
Stat Connected.
Recv 20.06.2012 1:05:52: 200 Ok<EOL>
Sent 20.06.2012 1:05:53: set_defect_count_ratio 3<EOL>
Recv 20.06.2012 1:05:53: 203 3<EOL>
Stat Disconnected.
Stat Connected.
Recv 20.06.2012 1:05:55: 200 Ok<EOL>
Sent 20.06.2012 1:05:56: set_defect_count_ratio 4<EOL>
Recv 20.06.2012 1:05:56: 203 4<EOL>
Stat Disconnected.
Stat Disconnected.
Stat Disconnected.
Stat Connected.
Recv 20.06.2012 1:06:22: 200 Ok<EOL>
Sent 20.06.2012 1:06:23: set_defect_count_ratio 23<EOL>
Recv 20.06.2012 1:06:23: 203 23<EOL>
Stat Disconnected.
Stat Connected.
Recv 20.06.2012 1:06:24: 200 Ok<EOL>
Sent 20.06.2012 1:06:26: set_defect_count_ratio 3<EOL>
Recv 20.06.2012 1:06:26: 203 3<EOL>
Stat Disconnected.
Stat Connected.
Recv 20.06.2012 1:06:26: 200 Ok<EOL>
Sent 20.06.2012 1:06:28: set_defect_count_ratio 4<EOL>
Recv 20.06.2012 1:06:28: 203 4<EOL>
Stat Connected.
Recv 20.06.2012 1:12:37: 200 Ok<EOL>
Sent 20.06.2012 1:12:38: get_del_count 20120620<EOL>
Recv 20.06.2012 1:12:38: 205 Ok<EOL>
Stat Disconnected.
Stat Connected.
Recv 20.06.2012 1:13:53: 200 Ok<EOL>
Sent 20.06.2012 1:13:54: get_del_count 20120620<EOL>
Recv 20.06.2012 1:13:54: 205 Ok<EOL>
Stat Disconnected.
Stat Connected.
Recv 20.06.2012 1:14:32: 200 Ok<EOL>
Sent 20.06.2012 1:14:33: get_del_count 20120620<EOL>
Recv 20.06.2012 1:14:33: 205 10<EOL>
Stat Disconnected.
Stat Connected.
Recv 20.06.2012 1:16:04: 200 Ok<EOL>
Sent 20.06.2012 1:16:06: get_del_count 20120620<EOL>
Recv 20.06.2012 1:16:06: 205 11<EOL>
Stat Connected.
Recv 20.06.2012 1:18:21: 200 Ok<EOL>
Sent 20.06.2012 1:18:22: get_del_count 20120620<EOL>
Recv 20.06.2012 1:18:22: 205 11<EOL>
Stat Disconnected.
Stat Connected.
Recv 20.06.2012 1:18:43: 200 Ok<EOL>
Sent 20.06.2012 1:18:45: set_defect_count_ratio 3<EOL>
Recv 20.06.2012 1:18:45: 203 3<EOL>
Stat Connected.
Recv 20.06.2012 1:19:16: 200 Ok<EOL>
Sent 20.06.2012 1:19:18: set_defect_count_ratio 1<EOL>
Recv 20.06.2012 1:19:18: 203 1<EOL>
Stat Connected.
Recv 20.06.2012 1:22:50: 200 Ok<EOL>
Sent 20.06.2012 1:22:52: set_defect_count_ratio 2<EOL>
Recv 20.06.2012 1:22:52: 203 2<EOL>
Stat Connected.
Recv 20.06.2012 1:23:21: 200 Ok<EOL>
Sent 20.06.2012 1:23:22: set_defect_count_ratio 3<EOL>
Recv 20.06.2012 1:23:22: 203 3<EOL>
Stat Disconnected.
Stat Connected.
Recv 20.06.2012 1:24:22: 200 Ok<EOL>
Sent 20.06.2012 1:24:24: set_defect_count_ratio <EOL>
Recv 20.06.2012 1:24:24: 203 3<EOL>
