Stat Connected.
Recv 19.06.2012 22:06:58: 200 Ok<EOL>
Stat Connected.
Recv 19.06.2012 22:11:01: 200 Ok<EOL>
Stat Connected.
Recv 19.06.2012 22:18:35: 200 Ok<EOL>
Sent 19.06.2012 22:18:35: get_defect_count_ratio 1<EOL>
Recv 19.06.2012 22:18:35: 202 3<EOL>
Stat Connected.
Recv 19.06.2012 22:22:32: 200 Ok<EOL>
Sent 19.06.2012 22:22:32: get_defect_count_ratio 1<EOL>
Recv 19.06.2012 22:22:34: 202 3<EOL>
Stat Connected.
Sent 19.06.2012 22:26:21: get_defect_count_ratio 1<EOL>
Recv 19.06.2012 22:26:21: 200 Ok<EOL>
Recv 19.06.2012 22:26:22: 202 3<EOL>
Stat Connected.
Recv 19.06.2012 22:27:36: 200 Ok<EOL>
Sent 19.06.2012 22:27:36: get_defect_count_ratio 1<EOL>
Recv 19.06.2012 22:27:36: 202 3<EOL>
Stat Disconnected.
Stat Connected.
Recv 19.06.2012 22:27:58: 200 Ok<EOL>
Sent 19.06.2012 22:27:58: get_defect_count_ratio 1<EOL>
Recv 19.06.2012 22:27:59: 202 3<EOL>
Stat Disconnected.
Stat Connected.
Recv 19.06.2012 22:28:04: 200 Ok<EOL>
Sent 19.06.2012 22:28:04: get_defect_count_ratio 1<EOL>
Recv 19.06.2012 22:28:04: 202 3<EOL>
Stat Disconnected.
Stat Connected.
Recv 19.06.2012 22:35:28: 200 Ok<EOL>
Sent 19.06.2012 22:35:28: get_defect_count_ratio 1<EOL>
Recv 19.06.2012 22:35:29: 202 3<EOL>
Stat Connected.
Recv 19.06.2012 22:41:22: 200 Ok<EOL>
Sent 19.06.2012 22:41:22: get_defect_count_ratio 1<EOL>
Recv 19.06.2012 22:41:22: 202 3<EOL>
Stat Disconnected.
Stat Connected.
Recv 19.06.2012 22:41:36: 200 Ok<EOL>
Sent 19.06.2012 22:41:36: get_defect_count_ratio 1<EOL>
Recv 19.06.2012 22:41:37: 202 3<EOL>
Stat Disconnected.
Stat Connected.
Recv 19.06.2012 22:41:45: 200 Ok<EOL>
Sent 19.06.2012 22:41:45: get_defect_count_ratio 1<EOL>
Recv 19.06.2012 22:41:46: 202 3<EOL>
Stat Connected.
Recv 19.06.2012 22:52:21: 200 Ok<EOL>
Sent 19.06.2012 22:52:21: get_defect_count_ratio 1<EOL>
Recv 19.06.2012 22:52:22: 202 3<EOL>
Stat Disconnected.
Stat Connected.
Recv 19.06.2012 22:52:38: 200 Ok<EOL>
Sent 19.06.2012 22:52:38: get_defect_count_ratio 1<EOL>
Recv 19.06.2012 22:52:39: 202 3<EOL>
Stat Connected.
Sent 19.06.2012 22:53:42: get_defect_count_ratio 1<EOL>
Recv 19.06.2012 22:53:42: 200 Ok<EOL>
Recv 19.06.2012 22:53:43: 202 3<EOL>
Stat Connected.
Sent 19.06.2012 22:54:42: get_defect_count_ratio 1<EOL>
Recv 19.06.2012 22:54:42: 200 Ok<EOL>
Recv 19.06.2012 22:54:42: 202 3<EOL>
Stat Disconnected.
Stat Connected.
Sent 19.06.2012 22:55:55: get_defect_count_ratio 1<EOL>
Recv 19.06.2012 22:55:55: 200 Ok<EOL>
Recv 19.06.2012 22:55:57: 202 3<EOL>
Stat Connected.
Sent 19.06.2012 22:57:07: get_defect_count_ratio 1<EOL>
Recv 19.06.2012 22:57:07: 200 Ok<EOL>
Recv 19.06.2012 22:57:08: 202 3<EOL>
Stat Connected.
Recv 19.06.2012 22:59:07: 200 Ok<EOL>
Stat Connected.
Recv 19.06.2012 23:05:35: 200 Ok<EOL>
Stat Connected.
Recv 19.06.2012 23:05:58: 200 Ok<EOL>
Stat Connected.
Sent 19.06.2012 23:06:32: get_defect_count_ratio 1<EOL>
Recv 19.06.2012 23:06:32: 200 Ok<EOL>
Recv 19.06.2012 23:06:49: 202 3<EOL>
Stat Connected.
Recv 19.06.2012 23:11:24: 200 Ok<EOL>
Sent 19.06.2012 23:11:25: get_defect_count_ratio 1<EOL>
Recv 19.06.2012 23:11:25: 202 3<EOL>
Stat Disconnected.
Stat Connected.
Recv 19.06.2012 23:12:00: 200 Ok<EOL>
Sent 19.06.2012 23:12:01: get_defect_count_ratio 1<EOL>
Recv 19.06.2012 23:12:01: 202 3<EOL>
Stat Disconnected.
Stat Connected.
Recv 19.06.2012 23:12:05: 200 Ok<EOL>
Sent 19.06.2012 23:12:07: get_defect_count_ratio 1<EOL>
Recv 19.06.2012 23:12:07: 202 3<EOL>
Stat Disconnected.
Stat Disconnected.
Stat Disconnected.
Stat Disconnected.
Stat Connected.
Recv 19.06.2012 23:13:53: 200 Ok<EOL>
Stat Connected.
Recv 19.06.2012 23:14:32: 200 Ok<EOL>
Stat Connected.
Recv 19.06.2012 23:14:59: 200 Ok<EOL>
Stat Disconnected.
Stat Disconnected.
Stat Disconnected.
Stat Connected.
Recv 19.06.2012 23:15:46: 200 Ok<EOL>
Sent 19.06.2012 23:15:47: get_defect_count_ratio 1<EOL>
Recv 19.06.2012 23:15:47: 202 3<EOL>
Stat Disconnected.
Stat Connected.
Recv 19.06.2012 23:15:51: 200 Ok<EOL>
Sent 19.06.2012 23:15:52: get_defect_count_ratio 1<EOL>
Recv 19.06.2012 23:15:52: 202 3<EOL>
Stat Disconnected.
Stat Disconnected.
Stat Disconnected.
Stat Disconnected.
Stat Disconnected.
Stat Disconnected.
Stat Connected.
Recv 19.06.2012 23:16:46: 200 Ok<EOL>
Sent 19.06.2012 23:16:47: get_defect_count_ratio 1<EOL>
Recv 19.06.2012 23:16:47: 202 3<EOL>
Stat Disconnected.
Stat Connected.
Recv 19.06.2012 23:16:49: 200 Ok<EOL>
Sent 19.06.2012 23:16:51: get_defect_count_ratio 1<EOL>
Recv 19.06.2012 23:16:51: 202 3<EOL>
Stat Disconnected.
Stat Connected.
Recv 19.06.2012 23:16:52: 200 Ok<EOL>
Sent 19.06.2012 23:16:54: get_defect_count_ratio 1<EOL>
Recv 19.06.2012 23:16:54: 202 3<EOL>
Stat Disconnected.
Stat Disconnected.
Stat Disconnected.
Stat Disconnected.
Stat Connected.
Recv 19.06.2012 23:17:44: 200 Ok<EOL>
Sent 19.06.2012 23:17:46: get_defect_count_ratio 1<EOL>
Recv 19.06.2012 23:17:46: 202 3<EOL>
Stat Disconnected.
Stat Connected.
Recv 19.06.2012 23:17:47: 200 Ok<EOL>
Sent 19.06.2012 23:17:49: get_defect_count_ratio 1<EOL>
Recv 19.06.2012 23:17:49: 202 3<EOL>
Stat Disconnected.
Stat Connected.
Recv 19.06.2012 23:17:50: 200 Ok<EOL>
Sent 19.06.2012 23:17:52: get_defect_count_ratio 1<EOL>
Recv 19.06.2012 23:17:52: 202 3<EOL>
Stat Connected.
Recv 19.06.2012 23:18:21: 200 Ok<EOL>
Sent 19.06.2012 23:18:23: get_defect_count_ratio 1<EOL>
Recv 19.06.2012 23:18:23: 202 3<EOL>
Stat Disconnected.
Stat Connected.
Recv 19.06.2012 23:21:27: 200 Ok<EOL>
Sent 19.06.2012 23:21:28: get_defect_count_ratio 1<EOL>
Recv 19.06.2012 23:21:28: 202 3<EOL>
Stat Connected.
Recv 19.06.2012 23:21:48: 200 Ok<EOL>
Sent 19.06.2012 23:21:50: get_defect_count_ratio 1<EOL>
Recv 19.06.2012 23:21:50: 202 3<EOL>
Stat Disconnected.
Stat Connected.
Recv 19.06.2012 23:22:29: 200 Ok<EOL>
Sent 19.06.2012 23:22:30: get_defect_count_ratio 1<EOL>
Recv 19.06.2012 23:22:30: 202 3<EOL>
Stat Disconnected.
Stat Connected.
Recv 19.06.2012 23:33:37: 200 Ok<EOL>
Sent 19.06.2012 23:33:39: get_defect_count_ratio 1<EOL>
Recv 19.06.2012 23:33:39: 202 3<EOL>
Stat Disconnected.
Stat Connected.
Recv 19.06.2012 23:34:11: 200 Ok<EOL>
Sent 19.06.2012 23:34:12: get_defect_count_ratio 1<EOL>
Recv 19.06.2012 23:34:12: 202 3<EOL>
Stat Disconnected.
Stat Connected.
Recv 19.06.2012 23:35:54: 200 Ok<EOL>
Sent 19.06.2012 23:35:56: get_defect_count_ratio 1<EOL>
Recv 19.06.2012 23:35:56: 202 3<EOL>
Stat Disconnected.
Stat Connected.
Recv 19.06.2012 23:36:52: 200 Ok<EOL>
Sent 19.06.2012 23:36:53: get_defect_count_ratio 1<EOL>
Recv 19.06.2012 23:36:53: 202 3<EOL>
Stat Disconnected.
Stat Connected.
Recv 19.06.2012 23:38:41: 200 Ok<EOL>
Sent 19.06.2012 23:38:43: get_defect_count_ratio 1<EOL>
Recv 19.06.2012 23:38:43: 202 3<EOL>
Stat Disconnected.
Stat Connected.
Recv 19.06.2012 23:38:59: 200 Ok<EOL>
Sent 19.06.2012 23:39:01: get_defect_count_ratio 1<EOL>
Recv 19.06.2012 23:39:01: 202 3<EOL>
Stat Disconnected.
Stat Connected.
Recv 19.06.2012 23:39:30: 200 Ok<EOL>
Sent 19.06.2012 23:39:32: get_defect_count_ratio 1<EOL>
Recv 19.06.2012 23:39:32: 202 3<EOL>
Stat Connected.
Recv 19.06.2012 23:39:49: 200 Ok<EOL>
Sent 19.06.2012 23:39:51: get_defect_count_ratio 1<EOL>
Recv 19.06.2012 23:39:51: 202 3<EOL>
Stat Disconnected.
Stat Connected.
Recv 19.06.2012 23:41:10: 200 Ok<EOL>
Sent 19.06.2012 23:41:12: get_defect_count_ratio 1<EOL>
Recv 19.06.2012 23:41:12: 202 3<EOL>
Stat Disconnected.
Stat Connected.
Recv 19.06.2012 23:41:31: 200 Ok<EOL>
Sent 19.06.2012 23:41:32: get_defect_count_ratio 1<EOL>
Recv 19.06.2012 23:41:32: 202 3<EOL>
Stat Disconnected.
Stat Connected.
Recv 19.06.2012 23:42:20: 200 Ok<EOL>
Sent 19.06.2012 23:42:22: get_defect_count_ratio 1<EOL>
Recv 19.06.2012 23:42:22: 202 3<EOL>
Stat Disconnected.
Stat Connected.
Recv 19.06.2012 23:42:43: 200 Ok<EOL>
Sent 19.06.2012 23:42:44: get_defect_count_ratio 1<EOL>
Recv 19.06.2012 23:42:44: 202 3<EOL>
Stat Disconnected.
Stat Connected.
Recv 19.06.2012 23:42:53: 200 Ok<EOL>
Sent 19.06.2012 23:42:54: get_defect_count_ratio 1<EOL>
Recv 19.06.2012 23:42:54: 202 3<EOL>
Stat Disconnected.
Stat Connected.
Recv 19.06.2012 23:43:14: 200 Ok<EOL>
Sent 19.06.2012 23:43:15: get_defect_count_ratio 1<EOL>
Recv 19.06.2012 23:43:15: 202 3<EOL>
Stat Connected.
Recv 19.06.2012 23:44:54: 200 Ok<EOL>
Sent 19.06.2012 23:44:56: get_defect_count_ratio 1<EOL>
Recv 19.06.2012 23:44:56: 202 3<EOL>
Stat Connected.
Recv 19.06.2012 23:56:08: 200 Ok<EOL>
Sent 19.06.2012 23:56:09: get_defect_count_ratio 1<EOL>
Recv 19.06.2012 23:56:09: 202 3<EOL>
Stat Disconnected.
Stat Connected.
Recv 19.06.2012 23:56:13: 200 Ok<EOL>
Sent 19.06.2012 23:56:15: get_defect_count_ratio 1<EOL>
Recv 19.06.2012 23:56:15: 202 3<EOL>
Stat Disconnected.
Stat Connected.
Recv 19.06.2012 23:56:19: 200 Ok<EOL>
Sent 19.06.2012 23:56:21: get_defect_count_ratio 1<EOL>
Recv 19.06.2012 23:56:21: 202 3<EOL>
Stat Disconnected.
Stat Connected.
Recv 19.06.2012 23:56:28: 200 Ok<EOL>
Sent 19.06.2012 23:56:29: get_defect_count_ratio 1<EOL>
Recv 19.06.2012 23:56:29: 202 3<EOL>
Stat Disconnected.
Stat Connected.
Recv 19.06.2012 23:56:34: 200 Ok<EOL>
Sent 19.06.2012 23:56:35: get_defect_count_ratio 1<EOL>
Recv 19.06.2012 23:56:35: 202 3<EOL>
Stat Connected.
Recv 19.06.2012 23:59:25: 200 Ok<EOL>
Sent 19.06.2012 23:59:27: get_defect_count_ratio 1<EOL>
Recv 19.06.2012 23:59:27: 202 3<EOL>
Stat Disconnected.
Stat Connected.
Recv 19.06.2012 23:59:30: 200 Ok<EOL>
Sent 19.06.2012 23:59:31: get_defect_count_ratio 1<EOL>
Recv 19.06.2012 23:59:31: 202 3<EOL>
Stat Disconnected.
Stat Connected.
Recv 19.06.2012 23:59:36: 200 Ok<EOL>
